<?xml version="1.0" encoding="UTF-8"?>
<testsuite xmlns:xsi="http://www.w3.org/2001/XMLSchema-instance" xsi:noNamespaceSchemaLocation="https://maven.apache.org/surefire/maven-surefire-plugin/xsd/surefire-test-report.xsd" version="3.0.2" name="com.url.shortner.UrlShortnerSbApplicationTests" time="50.918" tests="1" errors="0" skipped="0" failures="0" flakes="0">
  <properties>
[...]
</properties>
  <testcase name="contextLoads" classname="com.url.shortner.UrlShortnerSbApplicationTests" time="2.011">
    <system-out><![CDATA[22:13:05.379 [main] INFO org.springframework.test.context.support.AnnotationConfigContextLoaderUtils -- Could not detect default configuration classes for test class [com.url.shortner.UrlShortnerSbApplicationTests]: UrlShortnerSbApplicationTests does not declare any static, non-private, non-final, nested classes annotated with @Configuration.
22:13:06.653 [main] INFO org.springframework.boot.test.context.SpringBootTestContextBootstrapper -- Found @SpringBootConfiguration com.url.shortner.UrlShortnerSbApplication for test class com.url.shortner.UrlShortnerSbApplicationTests
22:13:07.141 [main] INFO org.springframework.test.context.support.AnnotationConfigContextLoaderUtils -- Could not detect default configuration classes for test class [com.url.shortner.UrlShortnerSbApplicationTests]: UrlShortnerSbApplicationTests does not declare any static, non-private, non-final, nested classes annotated with @Configuration.
22:13:07.150 [main] INFO org.springframework.boot.test.context.SpringBootTestContextBootstrapper -- Found @SpringBootConfiguration com.url.shortner.UrlShortnerSbApplication for test class com.url.shortner.UrlShortnerSbApplicationTests

  .   ____          _            __ _ _
 /\\ / ___'_ __ _ _(_)_ __  __ _ \ \ \ \
( ( )\___ | '_ | '_| | '_ \/ _` | \ \ \ \
 \\/  ___)| |_)| | | | | || (_| |  ) ) ) )
  '  |____| .__|_| |_|_| |_\__, | / / / /
 =========|_|==============|___/=/_/_/_/

 :: Spring Boot ::                (v4.0.5)

2026-04-23T22:13:09.087+05:30  INFO 12004 --- [url-shortner-sb] [           main] c.u.s.UrlShortnerSbApplicationTests      : Starting UrlShortnerSbApplicationTests using Java 26.0.1 with PID 12004 (started by dimpl in C:\Users\dimpl\OneDrive\Documents\Desktop\PROJECTS\url-shortner\url-shortner-sb)
2026-04-23T22:13:09.112+05:30  INFO 12004 --- [url-shortner-sb] [           main] c.u.s.UrlShortnerSbApplicationTests      : No active profile set, falling back to 1 default profile: "default"
2026-04-23T22:13:14.757+05:30  INFO 12004 --- [url-shortner-sb] [           main] .s.d.r.c.RepositoryConfigurationDelegate : Bootstrapping Spring Data JPA repositories in DEFAULT mode.
2026-04-23T22:13:15.063+05:30  INFO 12004 --- [url-shortner-sb] [           main] .s.d.r.c.RepositoryConfigurationDelegate : Finished Spring Data repository scanning in 275 ms. Found 3 JPA repository interfaces.
2026-04-23T22:13:18.579+05:30  INFO 12004 --- [url-shortner-sb] [           main] org.hibernate.orm.jpa                    : HHH008540: Processing PersistenceUnitInfo [name: default]
2026-04-23T22:13:18.913+05:30  INFO 12004 --- [url-shortner-sb] [           main] org.hibernate.orm.core                   : HHH000001: Hibernate ORM core version 7.2.7.Final
2026-04-23T22:13:21.665+05:30  INFO 12004 --- [url-shortner-sb] [           main] o.s.o.j.p.SpringPersistenceUnitInfo      : No LoadTimeWeaver setup: ignoring JPA class transformer
2026-04-23T22:13:21.828+05:30  INFO 12004 --- [url-shortner-sb] [           main] com.zaxxer.hikari.HikariDataSource       : HikariPool-1 - Starting...
2026-04-23T22:13:26.125+05:30  INFO 12004 --- [url-shortner-sb] [           main] com.zaxxer.hikari.pool.HikariPool        : HikariPool-1 - Added connection org.postgresql.jdbc.PgConnection@6065bcb7
2026-04-23T22:13:26.128+05:30  INFO 12004 --- [url-shortner-sb] [           main] com.zaxxer.hikari.HikariDataSource       : HikariPool-1 - Start completed.
2026-04-23T22:13:26.535+05:30  WARN 12004 --- [url-shortner-sb] [           main] org.hibernate.orm.deprecation            : HHH90000025: PostgreSQLDialect does not need to be specified explicitly using 'hibernate.dialect' (remove the property setting and it will be selected by default)
2026-04-23T22:13:27.912+05:30  INFO 12004 --- [url-shortner-sb] [           main] org.hibernate.orm.connections.pooling    : HHH10001005: Database info:
	Database JDBC URL [jdbc:postgresql://ep-little-water-am4pqc18-pooler.c-5.us-east-1.aws.neon.tech/url-short?user=neondb_owner&password=npg_8XriUmAPYc7E&sslmode=require&channelBinding=require]
	Database driver: PostgreSQL JDBC Driver
	Database dialect: PostgreSQLDialect
	Database version: 17.8
	Default catalog/schema: url-short/public
	Autocommit mode: undefined/unknown
	Isolation level: READ_COMMITTED [default READ_COMMITTED]
	JDBC fetch size: none
	Pool: DataSourceConnectionProvider
	Minimum pool size: undefined/unknown
	Maximum pool size: undefined/unknown
2026-04-23T22:13:38.299+05:30  INFO 12004 --- [url-shortner-sb] [           main] org.hibernate.orm.core                   : HHH000489: No JTA platform available (set 'hibernate.transaction.jta.platform' to enable JTA platform integration)
2026-04-23T22:13:41.027+05:30  INFO 12004 --- [url-shortner-sb] [           main] j.LocalContainerEntityManagerFactoryBean : Initialized JPA EntityManagerFactory for persistence unit 'default'
2026-04-23T22:13:42.419+05:30  INFO 12004 --- [url-shortner-sb] [           main] o.s.d.j.r.query.QueryEnhancerFactories   : Hibernate is in classpath; If applicable, HQL parser will be used.
2026-04-23T22:13:44.795+05:30  INFO 12004 --- [url-shortner-sb] [           main] eAuthenticationProviderManagerConfigurer : Global AuthenticationManager configured with AuthenticationProvider bean with name authenticationProvider
2026-04-23T22:13:44.877+05:30  WARN 12004 --- [url-shortner-sb] [           main] r$InitializeUserDetailsManagerConfigurer : Global AuthenticationManager configured with an AuthenticationProvider bean. UserDetailsService beans will not be used by Spring Security for automatically configuring username/password login. Consider removing the AuthenticationProvider bean. Alternatively, consider using the UserDetailsService in a manually instantiated DaoAuthenticationProvider. If the current configuration is intentional, to turn off this warning, increase the logging level of 'org.springframework.security.config.annotation.authentication.configuration.InitializeUserDetailsBeanManagerConfigurer' to ERROR
2026-04-23T22:13:46.862+05:30  WARN 12004 --- [url-shortner-sb] [           main] JpaBaseConfiguration$JpaWebConfiguration : spring.jpa.open-in-view is enabled by default. Therefore, database queries may be performed during view rendering. Explicitly configure spring.jpa.open-in-view to disable this warning
2026-04-23T22:13:53.286+05:30  INFO 12004 --- [url-shortner-sb] [           main] c.u.s.UrlShortnerSbApplicationTests      : Started UrlShortnerSbApplicationTests in 45.686 seconds (process running for 53.832)
]]></system-out>
    <system-err><![CDATA[Mockito is currently self-attaching to enable the inline-mock-maker. This will no longer work in future releases of the JDK. Please add Mockito as an agent to your build as described in Mockito's documentation: https://javadoc.io/doc/org.mockito/mockito-core/latest/org.mockito/org/mockito/Mockito.html#0.3
WARNING: A Java agent has been loaded dynamically (C:\Users\dimpl\.m2\repository\net\bytebuddy\byte-buddy-agent\1.17.8\byte-buddy-agent-1.17.8.jar)
WARNING: If a serviceability tool is in use, please run with -XX:+EnableDynamicAgentLoading to hide this warning
WARNING: If a serviceability tool is not in use, please run with -Djdk.instrument.traceUsage for more information
WARNING: Dynamic loading of agents will be disallowed by default in a future release
]]></system-err>
  </testcase>
</testsuite>